C51 COMPILER V9.59.0.0   MAIN                                                              12/25/2024 09:59:25 PAGE 1   


C51 COMPILER V9.59.0.0, COMPILATION OF MODULE MAIN
OBJECT MODULE PLACED IN .\Objects\main.obj
COMPILER INVOKED BY: C:\Software\Keilv5\Keil\Core\C51\BIN\C51.EXE main.c OPTIMIZE(8,SPEED) BROWSE INCDIR(.\Drivers) DEBU
                    -G OBJECTEXTEND PRINT(.\Listings\main.lst) OBJECT(.\Objects\main.obj)

line level    source

   1          #include "all.h"
   2          xdata struct _cj cj;
   3          
   4          // 系统初始化函数
   5          void init()
   6          {
   7   1          // 初始化继电器和蜂鸣器
   8   1          off(JDQ);off(FMQ);
   9   1          // 初始化PCA计数器超声波模块
  10   1          CMOD=CH=CL=0;
  11   1          // 初始化实时时钟、AD模块和温度传感器
  12   1          rtc_run(0x00,0x01,0x21);
  13   1          init_ad(0x43);
  14   1          init_temp();
  15   1          // 初始化控制结构体cj
  16   1          cj.state=10;
  17   1          cj.h=0;cj.m=1;cj.s=21;
  18   1          cj.key=0;cj.freq = 0;
  19   1          // 初始化调度器
  20   1          Scheduler_Init();
  21   1          // 初始化串口和用户接口
  22   1          Uart1_Init();
  23   1          uu_init();
  24   1          // 初始化定时器0和定时器1
  25   1          Timer0_Init();
  26   1          Timer1_Init();//习惯初始化中断定时器放最后//
  27   1      }
  28          
  29          // 主函数
  30          void main()
  31          {
  32   1          // 系统初始化
  33   1          init();
  34   1          // 打开中断，开始正常运行
  35   1          EA=1;
  36   1          while(1)
  37   1          {
  38   2              Scheduler_Run();// 运行调度器
  39   2          }
  40   1      }


MODULE INFORMATION:   STATIC OVERLAYABLE
   CODE SIZE        =     85    ----
   CONSTANT SIZE    =   ----    ----
   XDATA SIZE       =     14    ----
   PDATA SIZE       =   ----    ----
   DATA SIZE        =   ----    ----
   IDATA SIZE       =   ----    ----
   BIT SIZE         =   ----    ----
END OF MODULE INFORMATION.


C51 COMPILATION COMPLETE.  0 WARNING(S),  0 ERROR(S)
