C51 COMPILER V9.59.0.0   ONEWIRE                                                           12/25/2024 09:59:26 PAGE 1   


C51 COMPILER V9.59.0.0, COMPILATION OF MODULE ONEWIRE
OBJECT MODULE PLACED IN .\Objects\onewire.obj
COMPILER INVOKED BY: C:\Software\Keilv5\Keil\Core\C51\BIN\C51.EXE Drivers\onewire.c OPTIMIZE(8,SPEED) BROWSE INCDIR(.\Dr
                    -ivers) DEBUG OBJECTEXTEND PRINT(.\Listings\onewire.lst) OBJECT(.\Objects\onewire.obj)

line level    source

   1          /*      #       单总线代码片段说明
   2                  1.      本文件夹中提供的驱动代码供参赛选手完成程序设计参考。
   3                  2.      参赛选手可以自行编写相关代码或以该代码为基础，根据所选单片机类型、运行速度和试题
   4                          中对单片机时钟频率的要求，进行代码调试和修改。
   5          */
   6          #include "onewire.h"
   7          //
   8          void Delay_OneWire(unsigned int t)  
   9          {
  10   1              unsigned char i;
  11   1              while(t--){
  12   2                      for(i=0;i<12;i++);
  13   2              }
  14   1      }
  15          
  16          //
  17          void Write_DS18B20(unsigned char dat)
  18          {
  19   1              unsigned char i;
  20   1              for(i=0;i<8;i++)
  21   1              {
  22   2                      DQ = 0;
  23   2                      DQ = dat&0x01;
  24   2                      Delay_OneWire(5);
  25   2                      DQ = 1;
  26   2                      dat >>= 1;
  27   2              }
  28   1              Delay_OneWire(5);
  29   1      }
  30          
  31          //
  32          unsigned char Read_DS18B20(void)
  33          {
  34   1              unsigned char i;
  35   1              unsigned char dat;
  36   1        
  37   1              for(i=0;i<8;i++)
  38   1              {
  39   2                      DQ = 0;
  40   2                      dat >>= 1;
  41   2                      DQ = 1;
  42   2                      if(DQ)
  43   2                      {
  44   3                              dat |= 0x80;
  45   3                      }           
  46   2                      Delay_OneWire(5);
  47   2              }
  48   1              return dat;
  49   1      }
  50          
  51          //
  52          bit init_ds18b20(void)
  53          {
  54   1              bit initflag = 0;
C51 COMPILER V9.59.0.0   ONEWIRE                                                           12/25/2024 09:59:26 PAGE 2   

  55   1              
  56   1              DQ = 1;
  57   1              Delay_OneWire(12);
  58   1              DQ = 0;
  59   1              Delay_OneWire(80);
  60   1              DQ = 1;
  61   1              Delay_OneWire(10); 
  62   1          initflag = DQ;     
  63   1              Delay_OneWire(5);
  64   1        
  65   1              return initflag;
  66   1      }
  67          
  68          
  69          void init_temp()
  70          {
  71   1          init_ds18b20(); // 初始化DS18B20温度传感器
  72   1          Write_DS18B20(0xcc); // 发送跳过ROM命令，不读取特定传感器的序列号
  73   1          Write_DS18B20(0x44); // 发送转换温度命令，开始温度转换
  74   1      }
  75          
  76          float read_temp()
  77          {
  78   1          u8 H,L; // 声明变量H和L用于存储温度数据的高低字节
  79   1          float tmp; // 声明变量tmp用于存储计算得到的温度值
  80   1          init_ds18b20(); // 初始化DS18B20温度传感器
  81   1          Write_DS18B20(0xcc); // 发送跳过ROM命令，不读取特定传感器的序列号
  82   1          Write_DS18B20(0xbe); // 发送读取温度命令，开始读取温度数据
  83   1          L=Read_DS18B20(); // 读取温度数据的低字节
  84   1          H=Read_DS18B20(); // 读取温度数据的高字节
  85   1          init_temp(); // 再次初始化温度传感器，准备下一次温度转换
  86   1          tmp=(u32)H<<8|L; // 将高字节和低字节组合成完整的温度数据
  87   1          return tmp*0.0625f; // 将温度数据转换为实际温度值并返回
  88   1      }
  89          
  90          void temp_proc()
  91          {
  92   1          cj.t=read_temp(); // 更新全局变量cj.t为当前温度值
  93   1      }
  94          


MODULE INFORMATION:   STATIC OVERLAYABLE
   CODE SIZE        =    225    ----
   CONSTANT SIZE    =   ----    ----
   XDATA SIZE       =   ----    ----
   PDATA SIZE       =   ----    ----
   DATA SIZE        =   ----       5
   IDATA SIZE       =   ----    ----
   BIT SIZE         =   ----       1
END OF MODULE INFORMATION.


C51 COMPILATION COMPLETE.  0 WARNING(S),  0 ERROR(S)
