C51 COMPILER V9.59.0.0   LED                                                               12/16/2024 17:10:15 PAGE 1   


C51 COMPILER V9.59.0.0, COMPILATION OF MODULE LED
OBJECT MODULE PLACED IN .\Objects\led.obj
COMPILER INVOKED BY: C:\Software\Keilv5\Keil\Core\C51\BIN\C51.EXE led.c OPTIMIZE(8,SPEED) BROWSE DEBUG OBJECTEXTEND PRIN
                    -T(.\Listings\led.lst) OBJECT(.\Objects\led.obj)

line level    source

   1          #include "led.h"
   2          
   3          volatile  u8  bdata led_dat=0;
   4          sbit L1 = led_dat^0;
   5          sbit L2 = led_dat^1;
   6          sbit L3 = led_dat^2;
   7          sbit L4 = led_dat^3;
   8          sbit L5 = led_dat^4;
   9          sbit L6 = led_dat^5;
  10          sbit L7 = led_dat^6;
  11          sbit L8 = led_dat^7;
  12          
  13          
  14          /**
  15           * led_scan函数用于扫描LED状态并进行硬件控制。
  16           * 该函数将led_dat变量取反后赋值给端口P0，以驱动LED显示，
  17           * 并调用gate函数控制LED的点亮状态。
  18           */
  19          void led_scan()
  20          {
  21   1          P0=~led_dat;
  22   1          gate(LED);
  23   1      }
  24          
  25          /**
  26           * led_proc函数用于处理LED的显示逻辑。
  27           * 该函数首先清零led_dat变量，然后根据cj.state的状态设置LED的显示模式。
  28           */
  29          void led_proc()
  30          {
  31   1          led_dat=0;
  32   1      
  33   1          switch(cj.state)
  34   1          {
  35   2              case 10:
  36   2                  // 当状态为10时，设置L1和L3常亮，L2和L4闪烁
  37   2                  L1=L3=1;
  38   2                  L2=L4=f_on;
  39   2              break;
  40   2          }
  41   1      }
  42          //***************


MODULE INFORMATION:   STATIC OVERLAYABLE
   CODE SIZE        =     34    ----
   CONSTANT SIZE    =   ----    ----
   XDATA SIZE       =   ----    ----
   PDATA SIZE       =   ----    ----
   DATA SIZE        =      1    ----
   IDATA SIZE       =   ----    ----
   BIT SIZE         =   ----    ----
END OF MODULE INFORMATION.


C51 COMPILATION COMPLETE.  0 WARNING(S),  0 ERROR(S)
